<?xml version="1.0" encoding="UTF-8"?>
<!-- Generated by org.testng.reporters.JUnitXMLReporter -->
<testsuite ignored="0" hostname="WS-135" failures="0" tests="3" name="Default test" time="51.871" errors="0" timestamp="2024-08-08T19:20:57 IST">
  <testcase classname="crra.CRRA_Main" name="setup" time="20.304"/>
  <testcase classname="crra.CRRA_Main" name="contentssearch" time="14.883"/>
  <testcase classname="crra.CRRA_Main" name="contentadd" time="16.583"/>
</testsuite> <!-- Default test -->
