<?xml version="1.0" encoding="UTF-8"?>
<!-- Generated by org.testng.reporters.JUnitXMLReporter -->
<testsuite ignored="0" hostname="WS-135" failures="0" tests="6" name="Inroll Test" time="101.78" errors="0" timestamp="2024-08-08T18:43:34 IST">
  <testcase classname="inroll.INROLL" name="beforeTest" time="13.884"/>
  <testcase classname="inroll.INROLL" name="login" time="7.306"/>
  <testcase classname="inroll.INROLL" name="inrollmodule" time="23.891"/>
  <testcase classname="inroll.INROLL" name="editclaim" time="10.694"/>
  <testcase classname="inroll.INROLL" name="deleteclaim" time="2.21"/>
  <testcase classname="inroll.INROLL" name="lifelineclaim" time="43.697"/>
</testsuite> <!-- Inroll Test -->
