<?xml version="1.0" encoding="UTF-8"?>
<!-- Generated by org.testng.reporters.JUnitXMLReporter -->
<testsuite ignored="0" hostname="WS-135" failures="0" tests="3" name="PriceQuoteSub1" time="57.949" errors="0" timestamp="2024-08-08T18:52:44 IST">
  <testcase classname="price_Quote_Submodules.PriceQuoteSub" name="setup" time="26.644"/>
  <testcase classname="price_Quote_Submodules.PriceQuoteSub" name="loginWithRightCredentials" time="19.837"/>
  <testcase classname="price_Quote_Submodules.PriceQuoteSub" name="EditBaseRate" time="11.453"/>
</testsuite> <!-- PriceQuoteSub1 -->
