<?xml version="1.0" encoding="UTF-8"?>
<!-- Generated by org.testng.reporters.JUnitXMLReporter -->
<testsuite ignored="0" hostname="WS-135" failures="0" tests="3" name="PriceQuoteSub" time="39.65" errors="0" timestamp="2024-08-08T18:53:23 IST">
  <testcase classname="price_Quote_Submodules.APP_ACTIVITY" name="setup" time="10.819"/>
  <testcase classname="price_Quote_Submodules.APP_ACTIVITY" name="loginWithRightCredentials" time="8.483"/>
  <testcase classname="price_Quote_Submodules.APP_ACTIVITY" name="applicationactivity" time="20.342"/>
</testsuite> <!-- PriceQuoteSub -->
