<?xml version="1.0" encoding="UTF-8"?>
<!-- Generated by org.testng.reporters.JUnitXMLReporter -->
<testsuite ignored="0" hostname="WS-135" failures="0" tests="3" name="Test6" time="40.114" errors="0" timestamp="2024-08-01T18:42:11 IST">
  <testcase classname="price_Quote_Submodules.APP_ACTIVITY" name="setup" time="10.847"/>
  <testcase classname="price_Quote_Submodules.APP_ACTIVITY" name="loginWithRightCredentials" time="8.451"/>
  <testcase classname="price_Quote_Submodules.APP_ACTIVITY" name="applicationactivity" time="20.804"/>
</testsuite> <!-- Test6 -->
