<?xml version="1.0" encoding="UTF-8"?>
<!-- Generated by org.testng.reporters.JUnitXMLReporter -->
<testsuite ignored="1" hostname="WS-135" failures="0" tests="5" name="Test10" time="79.944" errors="0" timestamp="2024-08-01T18:46:12 IST">
  <testcase classname="tracit.Tractit" name="beforeTest" time="10.998"/>
  <testcase classname="tracit.Tractit" name="login" time="6.413"/>
  <testcase classname="tracit.Tractit" name="tracit" time="6.65"/>
  <testcase classname="tracit.Tractit" name="addtrac" time="41.592"/>
  <testcase classname="tracit.Tractit" name="tracitalert" time="14.284"/>
  <testcase classname="tracit.Tractit" name="carriertypes" time="0.0">
    <ignored/>
  </testcase> <!-- carriertypes -->
</testsuite> <!-- Test10 -->
