<?xml version="1.0" encoding="UTF-8"?>
<!-- Generated by org.testng.reporters.JUnitXMLReporter -->
<testsuite ignored="0" hostname="WS-135" failures="0" tests="6" name="Test3" time="97.54" errors="0" timestamp="2024-08-01T18:38:01 IST">
  <testcase classname="inroll.INROLL" name="beforeTest" time="10.741"/>
  <testcase classname="inroll.INROLL" name="login" time="7.342"/>
  <testcase classname="inroll.INROLL" name="inrollmodule" time="22.502"/>
  <testcase classname="inroll.INROLL" name="editclaim" time="10.723"/>
  <testcase classname="inroll.INROLL" name="deleteclaim" time="2.231"/>
  <testcase classname="inroll.INROLL" name="lifelineclaim" time="43.979"/>
</testsuite> <!-- Test3 -->
