<?xml version="1.0" encoding="UTF-8"?>
<!-- Generated by org.testng.reporters.JUnitXMLReporter -->
<testsuite ignored="0" hostname="WS-135" failures="0" tests="6" name="Test13" time="68.6" errors="0" timestamp="2024-08-01T18:51:54 IST">
  <testcase classname="Wireless.Updates" name="setup" time="11.137"/>
  <testcase classname="Wireless.Updates" name="loginWithRightCredentials" time="6.366"/>
  <testcase classname="Wireless.Updates" name="wirelessmod" time="2.114"/>
  <testcase classname="Wireless.Updates" name="updates" time="31.458"/>
  <testcase classname="Wireless.Updates" name="Add" time="9.36"/>
  <testcase classname="Wireless.Updates" name="edit" time="8.154"/>
</testsuite> <!-- Test13 -->
