<?xml version="1.0" encoding="UTF-8"?>
<!-- Generated by org.testng.reporters.JUnitXMLReporter -->
<testsuite ignored="0" hostname="WS-135" failures="0" tests="6" name="Test9" time="44.314" errors="0" timestamp="2024-08-01T18:44:52 IST">
  <testcase classname="title47.Title47Carrier" name="setup" time="10.879"/>
  <testcase classname="title47.Title47Carrier" name="loginWithRightCredentials" time="7.461"/>
  <testcase classname="title47.Title47Carrier" name="title47" time="1.089"/>
  <testcase classname="title47.Title47Carrier" name="carrier" time="5.491"/>
  <testcase classname="title47.Title47Carrier" name="editcarrier" time="12.758"/>
  <testcase classname="title47.Title47Carrier" name="deletecarrier" time="6.615"/>
</testsuite> <!-- Test9 -->
