<?xml version="1.0" encoding="UTF-8"?>
<!-- Generated by org.testng.reporters.JUnitXMLReporter -->
<testsuite ignored="0" hostname="WS-135" failures="0" tests="5" name="Test8" time="58.032" errors="0" timestamp="2024-08-01T18:44:07 IST">
  <testcase classname="title47.Title47Main" name="setup" time="10.971"/>
  <testcase classname="title47.Title47Main" name="loginWithRightCredentials" time="5.316"/>
  <testcase classname="title47.Title47Main" name="title47" time="1.215"/>
  <testcase classname="title47.Title47Main" name="title47sub" time="13.167"/>
  <testcase classname="title47.Title47Main" name="addnewtitle" time="27.342"/>
</testsuite> <!-- Test8 -->
