<?xml version="1.0" encoding="UTF-8"?>
<!-- Generated by org.testng.reporters.JUnitXMLReporter -->
<testsuite ignored="0" hostname="WS-135" failures="0" tests="4" name="Test14" time="36.33" errors="0" timestamp="2024-08-01T18:52:30 IST">
  <testcase classname="Wireless.STATES" name="setup" time="10.829"/>
  <testcase classname="Wireless.STATES" name="loginWithRightCredentials" time="8.348"/>
  <testcase classname="Wireless.STATES" name="wirelessmod" time="2.083"/>
  <testcase classname="Wireless.STATES" name="States" time="15.064"/>
</testsuite> <!-- Test14 -->
