<?xml version="1.0" encoding="UTF-8"?>
<!-- Generated by org.testng.reporters.JUnitXMLReporter -->
<testsuite ignored="0" hostname="WS-135" failures="0" tests="5" name="Test1" time="133.478" errors="0" timestamp="2024-08-01T18:36:24 IST">
  <testcase classname="ipr_rmd.IPR" name="beforeTest" time="42.594"/>
  <testcase classname="ipr_rmd.IPR" name="login" time="6.544"/>
  <testcase classname="ipr_rmd.IPR" name="ipr" time="44.62"/>
  <testcase classname="ipr_rmd.IPR" name="rmdalrt" time="14.131"/>
  <testcase classname="ipr_rmd.IPR" name="rmdupdt" time="25.472"/>
</testsuite> <!-- Test1 -->
