<?xml version="1.0" encoding="UTF-8"?>
<!-- Generated by org.testng.reporters.JUnitXMLReporter -->
<testsuite ignored="0" hostname="WS-135" failures="0" tests="9" name="Test4" time="167.346" errors="0" timestamp="2024-08-01T18:40:49 IST">
  <testcase classname="briefing.Briefing" name="beforeTest" time="10.896"/>
  <testcase classname="briefing.Briefing" name="login" time="8.627"/>
  <testcase classname="briefing.Briefing" name="briefing" time="2.204"/>
  <testcase classname="briefing.Briefing" name="searchbriefing" time="17.443"/>
  <testcase classname="briefing.Briefing" name="addnewbriefing" time="32.973"/>
  <testcase classname="briefing.Briefing" name="editbriefing" time="13.54"/>
  <testcase classname="briefing.Briefing" name="deletebriefing" time="6.293"/>
  <testcase classname="briefing.Briefing" name="addtype" time="34.134"/>
  <testcase classname="briefing.Briefing" name="addsubtype" time="41.196"/>
</testsuite> <!-- Test4 -->
