<?xml version="1.0" encoding="UTF-8"?>
<!-- Generated by org.testng.reporters.JUnitXMLReporter -->
<testsuite ignored="0" hostname="WS-135" failures="0" tests="3" name="Test5" time="42.213" errors="0" timestamp="2024-08-01T18:41:31 IST">
  <testcase classname="price_Quote_Submodules.PriceQuoteSub" name="setup" time="10.862"/>
  <testcase classname="price_Quote_Submodules.PriceQuoteSub" name="loginWithRightCredentials" time="19.839"/>
  <testcase classname="price_Quote_Submodules.PriceQuoteSub" name="EditBaseRate" time="11.505"/>
</testsuite> <!-- Test5 -->
