<?xml version="1.0" encoding="UTF-8"?>
<!-- Generated by org.testng.reporters.JUnitXMLReporter -->
<testsuite ignored="0" hostname="WS-135" failures="0" tests="5" name="title471" time="62.596" errors="0" timestamp="2024-08-08T18:55:34 IST">
  <testcase classname="title47.Title47Main" name="setup" time="10.79"/>
  <testcase classname="title47.Title47Main" name="loginWithRightCredentials" time="5.616"/>
  <testcase classname="title47.Title47Main" name="title47" time="1.118"/>
  <testcase classname="title47.Title47Main" name="title47sub" time="13.338"/>
  <testcase classname="title47.Title47Main" name="addnewtitle" time="31.719"/>
</testsuite> <!-- title471 -->
