<?xml version="1.0" encoding="UTF-8"?>
<!-- Generated by org.testng.reporters.JUnitXMLReporter -->
<testsuite ignored="0" hostname="WS-135" failures="0" tests="6" name="title47" time="41.001" errors="0" timestamp="2024-08-08T18:56:15 IST">
  <testcase classname="title47.Title47Carrier" name="setup" time="10.69"/>
  <testcase classname="title47.Title47Carrier" name="loginWithRightCredentials" time="7.408"/>
  <testcase classname="title47.Title47Carrier" name="title47" time="1.102"/>
  <testcase classname="title47.Title47Carrier" name="carrier" time="5.495"/>
  <testcase classname="title47.Title47Carrier" name="editcarrier" time="9.751"/>
  <testcase classname="title47.Title47Carrier" name="deletecarrier" time="6.537"/>
</testsuite> <!-- title47 -->
