<?xml version="1.0" encoding="UTF-8"?>
<!-- Generated by org.testng.reporters.JUnitXMLReporter -->
<testsuite ignored="0" hostname="WS-135" failures="0" tests="6" name="trfa1" time="56.832" errors="0" timestamp="2024-08-08T18:58:32 IST">
  <testcase classname="trfa.TRFA" name="setup1" time="16.341"/>
  <testcase classname="trfa.TRFA" name="carrier_module" time="1.026"/>
  <testcase classname="trfa.TRFA" name="addcarr" time="3.612"/>
  <testcase classname="trfa.TRFA" name="editcar" time="5.744"/>
  <testcase classname="trfa.TRFA" name="deletecar" time="4.241"/>
  <testcase classname="trfa.TRFA" name="category1" time="25.843"/>
</testsuite> <!-- trfa1 -->
