<?xml version="1.0" encoding="UTF-8"?>
<!-- Generated by org.testng.reporters.JUnitXMLReporter -->
<testsuite ignored="2" hostname="WS-135" failures="0" tests="1" name="GRP-login" time="16.809" errors="0" timestamp="2024-07-31T16:56:16 IST">
  <testcase classname="crra.CRRA_Main" name="log" time="16.731"/>
  <testcase classname="crra.CRRA_Main" name="contentadd1" time="0.0">
    <ignored/>
  </testcase> <!-- contentadd1 -->
  <testcase classname="crra.CRRA_Main" name="contentssearch1" time="0.0">
    <ignored/>
  </testcase> <!-- contentssearch1 -->
</testsuite> <!-- GRP-login -->
