<?xml version="1.0" encoding="UTF-8"?>
<testng-results ignored="0" total="3" passed="3" failed="0" skipped="0">
  <reporter-output>
  </reporter-output>
  <suite started-at="2024-08-08T19:20:05 IST" name="Default suite" finished-at="2024-08-08T19:20:57 IST" duration-ms="51871">
    <groups>
    </groups>
    <test started-at="2024-08-08T19:20:05 IST" name="Default test" finished-at="2024-08-08T19:20:57 IST" duration-ms="51871">
      <class name="crra.CRRA_Main">
        <test-method signature="setup()[pri:1, instance:crra.CRRA_Main@40e4ea87]" started-at="2024-08-08T19:20:05 IST" name="setup" finished-at="2024-08-08T19:20:26 IST" duration-ms="20304" status="PASS">
          <reporter-output>
          </reporter-output>
        </test-method> <!-- setup -->
        <test-method signature="contentssearch()[pri:2, instance:crra.CRRA_Main@40e4ea87]" started-at="2024-08-08T19:20:26 IST" name="contentssearch" finished-at="2024-08-08T19:20:40 IST" duration-ms="14883" status="PASS">
          <reporter-output>
          </reporter-output>
        </test-method> <!-- contentssearch -->
        <test-method signature="contentadd()[pri:3, instance:crra.CRRA_Main@40e4ea87]" started-at="2024-08-08T19:20:40 IST" name="contentadd" finished-at="2024-08-08T19:20:57 IST" duration-ms="16583" status="PASS">
          <reporter-output>
          </reporter-output>
        </test-method> <!-- contentadd -->
      </class> <!-- crra.CRRA_Main -->
    </test> <!-- Default test -->
  </suite> <!-- Default suite -->
</testng-results>
